[21-Apr-2025 04:41:45 UTC] Erro ao buscar produtos: SQLSTATE[42S22]: Column not found: 1054 Unknown column 'status' in 'where clause'
[21-Apr-2025 04:41:45 UTC] Erro ao buscar produtos: SQLSTATE[42S22]: Column not found: 1054 Unknown column 'status' in 'where clause'
[21-Apr-2025 04:41:45 UTC] Erro ao buscar produtos: SQLSTATE[42S22]: Column not found: 1054 Unknown column 'status' in 'where clause'
[21-Apr-2025 04:41:45 UTC] Erro ao buscar produtos: SQLSTATE[42S22]: Column not found: 1054 Unknown column 'status' in 'where clause'
[21-Apr-2025 04:41:45 UTC] Erro ao buscar produtos: SQLSTATE[42S22]: Column not found: 1054 Unknown column 'status' in 'where clause'
[21-Apr-2025 04:41:45 UTC] Erro ao buscar produtos: SQLSTATE[42S22]: Column not found: 1054 Unknown column 'status' in 'where clause'
[21-Apr-2025 04:41:45 UTC] Erro ao buscar produtos: SQLSTATE[42S22]: Column not found: 1054 Unknown column 'status' in 'where clause'
[21-Apr-2025 04:41:45 UTC] Erro ao buscar produtos: SQLSTATE[42S22]: Column not found: 1054 Unknown column 'status' in 'where clause'
[21-Apr-2025 04:41:45 UTC] Erro ao buscar produtos: SQLSTATE[42S22]: Column not found: 1054 Unknown column 'status' in 'where clause'
[21-Apr-2025 04:41:45 UTC] Erro ao buscar produtos: SQLSTATE[42S22]: Column not found: 1054 Unknown column 'status' in 'where clause'
[21-Apr-2025 04:41:45 UTC] Erro ao buscar produtos: SQLSTATE[42S22]: Column not found: 1054 Unknown column 'status' in 'where clause'
[21-Apr-2025 04:41:45 UTC] Erro ao buscar produtos: SQLSTATE[42S22]: Column not found: 1054 Unknown column 'status' in 'where clause'
[21-Apr-2025 04:41:45 UTC] Erro ao buscar produtos: SQLSTATE[42S22]: Column not found: 1054 Unknown column 'status' in 'where clause'
[21-Apr-2025 04:41:45 UTC] Erro ao buscar produtos: SQLSTATE[42S22]: Column not found: 1054 Unknown column 'status' in 'where clause'
[21-Apr-2025 04:41:45 UTC] Erro ao buscar produtos: SQLSTATE[42S22]: Column not found: 1054 Unknown column 'status' in 'where clause'
[21-Apr-2025 04:41:45 UTC] Erro ao buscar produtos: SQLSTATE[42S22]: Column not found: 1054 Unknown column 'status' in 'where clause'
[21-Apr-2025 04:41:45 UTC] Erro ao buscar produtos: SQLSTATE[42S22]: Column not found: 1054 Unknown column 'status' in 'where clause'
[21-Apr-2025 04:41:45 UTC] Erro ao buscar produtos: SQLSTATE[42S22]: Column not found: 1054 Unknown column 'status' in 'where clause'
[21-Apr-2025 04:41:45 UTC] Erro ao buscar produtos: SQLSTATE[42S22]: Column not found: 1054 Unknown column 'status' in 'where clause'
[21-Apr-2025 04:41:45 UTC] Erro ao buscar produtos: SQLSTATE[42S22]: Column not found: 1054 Unknown column 'status' in 'where clause'
[21-Apr-2025 04:41:46 UTC] Erro ao buscar produtos: SQLSTATE[42S22]: Column not found: 1054 Unknown column 'status' in 'where clause'
[21-Apr-2025 04:41:46 UTC] Erro ao buscar produtos: SQLSTATE[42S22]: Column not found: 1054 Unknown column 'status' in 'where clause'
[21-Apr-2025 04:41:46 UTC] Erro ao buscar produtos: SQLSTATE[42S22]: Column not found: 1054 Unknown column 'status' in 'where clause'
[21-Apr-2025 04:41:46 UTC] Erro ao buscar produtos: SQLSTATE[42S22]: Column not found: 1054 Unknown column 'status' in 'where clause'
[21-Apr-2025 04:41:46 UTC] Erro ao buscar produtos: SQLSTATE[42S22]: Column not found: 1054 Unknown column 'status' in 'where clause'
[21-Apr-2025 04:41:46 UTC] Erro ao buscar produtos: SQLSTATE[42S22]: Column not found: 1054 Unknown column 'status' in 'where clause'
[21-Apr-2025 04:41:46 UTC] Erro ao buscar produtos: SQLSTATE[42S22]: Column not found: 1054 Unknown column 'status' in 'where clause'
[21-Apr-2025 04:41:46 UTC] Erro ao buscar produtos: SQLSTATE[42S22]: Column not found: 1054 Unknown column 'status' in 'where clause'
[21-Apr-2025 04:41:46 UTC] Erro ao buscar produtos: SQLSTATE[42S22]: Column not found: 1054 Unknown column 'status' in 'where clause'
[21-Apr-2025 04:41:46 UTC] Erro ao buscar produtos: SQLSTATE[42S22]: Column not found: 1054 Unknown column 'status' in 'where clause'
[21-Apr-2025 04:41:46 UTC] Erro ao buscar produtos: SQLSTATE[42S22]: Column not found: 1054 Unknown column 'status' in 'where clause'
[21-Apr-2025 04:41:46 UTC] Erro ao buscar produtos: SQLSTATE[42S22]: Column not found: 1054 Unknown column 'status' in 'where clause'
[21-Apr-2025 04:41:46 UTC] Erro ao buscar produtos: SQLSTATE[42S22]: Column not found: 1054 Unknown column 'status' in 'where clause'
[21-Apr-2025 04:41:46 UTC] Erro ao buscar produtos: SQLSTATE[42S22]: Column not found: 1054 Unknown column 'status' in 'where clause'
[21-Apr-2025 04:41:46 UTC] Erro ao buscar produtos: SQLSTATE[42S22]: Column not found: 1054 Unknown column 'status' in 'where clause'
[21-Apr-2025 04:41:46 UTC] Erro ao buscar produtos: SQLSTATE[42S22]: Column not found: 1054 Unknown column 'status' in 'where clause'
[21-Apr-2025 04:41:46 UTC] Erro ao buscar produtos: SQLSTATE[42S22]: Column not found: 1054 Unknown column 'status' in 'where clause'
[21-Apr-2025 04:41:46 UTC] Erro ao buscar produtos: SQLSTATE[42S22]: Column not found: 1054 Unknown column 'status' in 'where clause'
[21-Apr-2025 04:41:47 UTC] Erro ao buscar produtos: SQLSTATE[42S22]: Column not found: 1054 Unknown column 'status' in 'where clause'
[21-Apr-2025 04:41:47 UTC] Erro ao buscar produtos: SQLSTATE[42S22]: Column not found: 1054 Unknown column 'status' in 'where clause'
[21-Apr-2025 04:41:52 UTC] Erro ao buscar produtos: SQLSTATE[42S22]: Column not found: 1054 Unknown column 'status' in 'where clause'
[21-Apr-2025 04:41:52 UTC] Erro ao buscar produtos: SQLSTATE[42S22]: Column not found: 1054 Unknown column 'status' in 'where clause'
[21-Apr-2025 04:41:52 UTC] Erro ao buscar produtos: SQLSTATE[42S22]: Column not found: 1054 Unknown column 'status' in 'where clause'
[21-Apr-2025 04:41:52 UTC] Erro ao buscar produtos: SQLSTATE[42S22]: Column not found: 1054 Unknown column 'status' in 'where clause'
[21-Apr-2025 04:41:52 UTC] Erro ao buscar produtos: SQLSTATE[42S22]: Column not found: 1054 Unknown column 'status' in 'where clause'
[21-Apr-2025 04:41:52 UTC] Erro ao buscar produtos: SQLSTATE[42S22]: Column not found: 1054 Unknown column 'status' in 'where clause'
[21-Apr-2025 04:41:52 UTC] Erro ao buscar produtos: SQLSTATE[42S22]: Column not found: 1054 Unknown column 'status' in 'where clause'
[21-Apr-2025 04:41:52 UTC] Erro ao buscar produtos: SQLSTATE[42S22]: Column not found: 1054 Unknown column 'status' in 'where clause'
[21-Apr-2025 04:41:52 UTC] Erro ao buscar produtos: SQLSTATE[42S22]: Column not found: 1054 Unknown column 'status' in 'where clause'
[21-Apr-2025 04:41:52 UTC] Erro ao buscar produtos: SQLSTATE[42S22]: Column not found: 1054 Unknown column 'status' in 'where clause'
[21-Apr-2025 04:41:52 UTC] Erro ao buscar produtos: SQLSTATE[42S22]: Column not found: 1054 Unknown column 'status' in 'where clause'
[21-Apr-2025 04:41:52 UTC] Erro ao buscar produtos: SQLSTATE[42S22]: Column not found: 1054 Unknown column 'status' in 'where clause'
[21-Apr-2025 04:41:52 UTC] Erro ao buscar produtos: SQLSTATE[42S22]: Column not found: 1054 Unknown column 'status' in 'where clause'
[21-Apr-2025 04:41:52 UTC] Erro ao buscar produtos: SQLSTATE[42S22]: Column not found: 1054 Unknown column 'status' in 'where clause'
[21-Apr-2025 04:41:52 UTC] Erro ao buscar produtos: SQLSTATE[42S22]: Column not found: 1054 Unknown column 'status' in 'where clause'
[21-Apr-2025 04:41:52 UTC] Erro ao buscar produtos: SQLSTATE[42S22]: Column not found: 1054 Unknown column 'status' in 'where clause'
[21-Apr-2025 04:41:52 UTC] Erro ao buscar produtos: SQLSTATE[42S22]: Column not found: 1054 Unknown column 'status' in 'where clause'
[21-Apr-2025 04:41:52 UTC] Erro ao buscar produtos: SQLSTATE[42S22]: Column not found: 1054 Unknown column 'status' in 'where clause'
[21-Apr-2025 04:41:52 UTC] Erro ao buscar produtos: SQLSTATE[42S22]: Column not found: 1054 Unknown column 'status' in 'where clause'
[21-Apr-2025 04:41:52 UTC] Erro ao buscar produtos: SQLSTATE[42S22]: Column not found: 1054 Unknown column 'status' in 'where clause'
[21-Apr-2025 04:41:55 UTC] Erro ao buscar dados: SQLSTATE[42S22]: Column not found: 1054 Unknown column 'status' in 'where clause'
[21-Apr-2025 04:41:55 UTC] Erro ao buscar dados: SQLSTATE[42S22]: Column not found: 1054 Unknown column 'status' in 'where clause'
[21-Apr-2025 04:41:55 UTC] Erro ao buscar dados: SQLSTATE[42S22]: Column not found: 1054 Unknown column 'status' in 'where clause'
[21-Apr-2025 04:41:55 UTC] Erro ao buscar dados: SQLSTATE[42S22]: Column not found: 1054 Unknown column 'status' in 'where clause'
[21-Apr-2025 04:41:55 UTC] Erro ao buscar dados: SQLSTATE[42S22]: Column not found: 1054 Unknown column 'status' in 'where clause'
[21-Apr-2025 04:41:55 UTC] Erro ao buscar dados: SQLSTATE[42S22]: Column not found: 1054 Unknown column 'status' in 'where clause'
[21-Apr-2025 04:41:55 UTC] Erro ao buscar dados: SQLSTATE[42S22]: Column not found: 1054 Unknown column 'status' in 'where clause'
[21-Apr-2025 04:41:55 UTC] Erro ao buscar dados: SQLSTATE[42S22]: Column not found: 1054 Unknown column 'status' in 'where clause'
[21-Apr-2025 04:41:55 UTC] Erro ao buscar dados: SQLSTATE[42S22]: Column not found: 1054 Unknown column 'status' in 'where clause'
[21-Apr-2025 04:41:55 UTC] Erro ao buscar dados: SQLSTATE[42S22]: Column not found: 1054 Unknown column 'status' in 'where clause'
[21-Apr-2025 04:41:55 UTC] Erro ao buscar dados: SQLSTATE[42S22]: Column not found: 1054 Unknown column 'status' in 'where clause'
[21-Apr-2025 04:41:55 UTC] Erro ao buscar dados: SQLSTATE[42S22]: Column not found: 1054 Unknown column 'status' in 'where clause'
[21-Apr-2025 04:41:55 UTC] Erro ao buscar dados: SQLSTATE[42S22]: Column not found: 1054 Unknown column 'status' in 'where clause'
[21-Apr-2025 04:41:55 UTC] Erro ao buscar dados: SQLSTATE[42S22]: Column not found: 1054 Unknown column 'status' in 'where clause'
[21-Apr-2025 04:41:55 UTC] Erro ao buscar dados: SQLSTATE[42S22]: Column not found: 1054 Unknown column 'status' in 'where clause'
[21-Apr-2025 04:41:55 UTC] Erro ao buscar dados: SQLSTATE[42S22]: Column not found: 1054 Unknown column 'status' in 'where clause'
[21-Apr-2025 04:41:55 UTC] Erro ao buscar dados: SQLSTATE[42S22]: Column not found: 1054 Unknown column 'status' in 'where clause'
[21-Apr-2025 04:41:55 UTC] Erro ao buscar dados: SQLSTATE[42S22]: Column not found: 1054 Unknown column 'status' in 'where clause'
[21-Apr-2025 04:41:55 UTC] Erro ao buscar dados: SQLSTATE[42S22]: Column not found: 1054 Unknown column 'status' in 'where clause'
[21-Apr-2025 04:41:55 UTC] Erro ao buscar dados: SQLSTATE[42S22]: Column not found: 1054 Unknown column 'status' in 'where clause'
[21-Apr-2025 04:41:56 UTC] Erro ao buscar dados: SQLSTATE[42S22]: Column not found: 1054 Unknown column 'status' in 'where clause'
[21-Apr-2025 04:41:56 UTC] Erro ao buscar dados: SQLSTATE[42S22]: Column not found: 1054 Unknown column 'status' in 'where clause'
[21-Apr-2025 04:41:56 UTC] Erro ao buscar dados: SQLSTATE[42S22]: Column not found: 1054 Unknown column 'status' in 'where clause'
[21-Apr-2025 04:41:56 UTC] Erro ao buscar dados: SQLSTATE[42S22]: Column not found: 1054 Unknown column 'status' in 'where clause'
[21-Apr-2025 04:41:57 UTC] Erro ao buscar dados: SQLSTATE[42S22]: Column not found: 1054 Unknown column 'status' in 'where clause'
[21-Apr-2025 04:41:57 UTC] Erro ao buscar dados: SQLSTATE[42S22]: Column not found: 1054 Unknown column 'status' in 'where clause'
[21-Apr-2025 04:41:57 UTC] Erro ao buscar dados: SQLSTATE[42S22]: Column not found: 1054 Unknown column 'status' in 'where clause'
[21-Apr-2025 04:41:57 UTC] Erro ao buscar dados: SQLSTATE[42S22]: Column not found: 1054 Unknown column 'status' in 'where clause'
[21-Apr-2025 04:41:57 UTC] Erro ao buscar dados: SQLSTATE[42S22]: Column not found: 1054 Unknown column 'status' in 'where clause'
[21-Apr-2025 04:41:57 UTC] Erro ao buscar dados: SQLSTATE[42S22]: Column not found: 1054 Unknown column 'status' in 'where clause'
[21-Apr-2025 04:41:57 UTC] Erro ao buscar dados: SQLSTATE[42S22]: Column not found: 1054 Unknown column 'status' in 'where clause'
[21-Apr-2025 04:41:57 UTC] Erro ao buscar dados: SQLSTATE[42S22]: Column not found: 1054 Unknown column 'status' in 'where clause'
[21-Apr-2025 04:41:57 UTC] Erro ao buscar dados: SQLSTATE[42S22]: Column not found: 1054 Unknown column 'status' in 'where clause'
[21-Apr-2025 04:41:57 UTC] Erro ao buscar dados: SQLSTATE[42S22]: Column not found: 1054 Unknown column 'status' in 'where clause'
[21-Apr-2025 04:41:57 UTC] Erro ao buscar dados: SQLSTATE[42S22]: Column not found: 1054 Unknown column 'status' in 'where clause'
[21-Apr-2025 04:41:57 UTC] Erro ao buscar dados: SQLSTATE[42S22]: Column not found: 1054 Unknown column 'status' in 'where clause'
[21-Apr-2025 04:41:57 UTC] Erro ao buscar dados: SQLSTATE[42S22]: Column not found: 1054 Unknown column 'status' in 'where clause'
[21-Apr-2025 04:41:57 UTC] Erro ao buscar dados: SQLSTATE[42S22]: Column not found: 1054 Unknown column 'status' in 'where clause'
[21-Apr-2025 04:41:57 UTC] Erro ao buscar dados: SQLSTATE[42S22]: Column not found: 1054 Unknown column 'status' in 'where clause'
[21-Apr-2025 04:41:57 UTC] Erro ao buscar dados: SQLSTATE[42S22]: Column not found: 1054 Unknown column 'status' in 'where clause'
[21-Apr-2025 05:23:43 UTC] PHP Warning:  Undefined array key "status" in C:\wamp64\www\ERP\pedidos.php on line 264
[21-Apr-2025 05:23:43 UTC] PHP Stack trace:
[21-Apr-2025 05:23:43 UTC] PHP   1. {main}() C:\wamp64\www\ERP\pedidos.php:0
[21-Apr-2025 05:23:43 UTC] PHP Warning:  Undefined array key "status" in C:\wamp64\www\ERP\pedidos.php on line 265
[21-Apr-2025 05:23:43 UTC] PHP Stack trace:
[21-Apr-2025 05:23:43 UTC] PHP   1. {main}() C:\wamp64\www\ERP\pedidos.php:0
[21-Apr-2025 05:24:00 UTC] PHP Warning:  Undefined array key "status" in C:\wamp64\www\ERP\pedidos.php on line 264
[21-Apr-2025 05:24:00 UTC] PHP Stack trace:
[21-Apr-2025 05:24:00 UTC] PHP   1. {main}() C:\wamp64\www\ERP\pedidos.php:0
[21-Apr-2025 05:24:00 UTC] PHP Warning:  Undefined array key "status" in C:\wamp64\www\ERP\pedidos.php on line 265
[21-Apr-2025 05:24:00 UTC] PHP Stack trace:
[21-Apr-2025 05:24:00 UTC] PHP   1. {main}() C:\wamp64\www\ERP\pedidos.php:0
